-----------------------------------------
| bR | bN | bB | bQ | bK | bB | bN | bR | 
-----------------------------------------
| bP | bP | bP | bP | bP | bP | bP | bP | 
-----------------------------------------
|    |    |    |    |    |    |    |    | 
-----------------------------------------
|    |    |    |    |    |    |    |    | 
-----------------------------------------
|    |    |    |    | wP |    |    |    | 
-----------------------------------------
|    |    |    |    |    |    |    |    | 
-----------------------------------------
| wP | wP | wP | wP |    | wP | wP | wP | 
-----------------------------------------
| wR | wN | wB | wQ | wK | wB | wN | wR | 
-----------------------------------------


-----------------------------------------
| bR | bN | bB | bQ | bK | bB | bN | bR | 
-----------------------------------------
| bP | bP | bP | bP |    | bP | bP | bP | 
-----------------------------------------
|    |    |    |    |    |    |    |    | 
-----------------------------------------
|    |    |    |    | bP |    |    |    | 
-----------------------------------------
|    |    |    |    | wP |    |    |    | 
-----------------------------------------
|    |    |    |    |    |    |    |    | 
-----------------------------------------
| wP | wP | wP | wP |    | wP | wP | wP | 
-----------------------------------------
| wR | wN | wB | wQ | wK | wB | wN | wR | 
-----------------------------------------


-----------------------------------------
| bR | bN | bB | bQ | bK | bB | bN | bR | 
-----------------------------------------
| bP | bP | bP | bP |    | bP | bP | bP | 
-----------------------------------------
|    |    |    |    |    |    |    |    | 
-----------------------------------------
|    |    |    |    | bP |    |    |    | 
-----------------------------------------
|    |    |    |    | wP |    |    |    | 
-----------------------------------------
|    |    | wN |    |    |    |    |    | 
-----------------------------------------
| wP | wP | wP | wP |    | wP | wP | wP | 
-----------------------------------------
| wR |    | wB | wQ | wK | wB | wN | wR | 
-----------------------------------------


-----------------------------------------
| bR |    | bB | bQ | bK | bB | bN | bR | 
-----------------------------------------
| bP | bP | bP | bP |    | bP | bP | bP | 
-----------------------------------------
|    |    | bN |    |    |    |    |    | 
-----------------------------------------
|    |    |    |    | bP |    |    |    | 
-----------------------------------------
|    |    |    |    | wP |    |    |    | 
-----------------------------------------
|    |    | wN |    |    |    |    |    | 
-----------------------------------------
| wP | wP | wP | wP |    | wP | wP | wP | 
-----------------------------------------
| wR |    | wB | wQ | wK | wB | wN | wR | 
-----------------------------------------


-----------------------------------------
| bR |    | bB | bQ | bK | bB | bN | bR | 
-----------------------------------------
| bP | bP | bP | bP |    | bP | bP | bP | 
-----------------------------------------
|    |    | bN |    |    |    |    |    | 
-----------------------------------------
|    |    |    |    | bP |    |    |    | 
-----------------------------------------
|    |    | wB |    | wP |    |    |    | 
-----------------------------------------
|    |    | wN |    |    |    |    |    | 
-----------------------------------------
| wP | wP | wP | wP |    | wP | wP | wP | 
-----------------------------------------
| wR |    | wB | wQ | wK |    | wN | wR | 
-----------------------------------------


-----------------------------------------
| bR |    | bB | bQ | bK |    | bN | bR | 
-----------------------------------------
| bP | bP | bP | bP |    | bP | bP | bP | 
-----------------------------------------
|    |    | bN |    |    |    |    |    | 
-----------------------------------------
|    |    | bB |    | bP |    |    |    | 
-----------------------------------------
|    |    | wB |    | wP |    |    |    | 
-----------------------------------------
|    |    | wN |    |    |    |    |    | 
-----------------------------------------
| wP | wP | wP | wP |    | wP | wP | wP | 
-----------------------------------------
| wR |    | wB | wQ | wK |    | wN | wR | 
-----------------------------------------


-----------------------------------------
| bR |    | bB | bQ | bK |    | bN | bR | 
-----------------------------------------
| bP | bP | bP | bP |    | bP | bP | bP | 
-----------------------------------------
|    |    | bN |    |    |    |    |    | 
-----------------------------------------
|    |    | bB |    | bP |    |    |    | 
-----------------------------------------
|    |    | wB |    | wP |    | wQ |    | 
-----------------------------------------
|    |    | wN |    |    |    |    |    | 
-----------------------------------------
| wP | wP | wP | wP |    | wP | wP | wP | 
-----------------------------------------
| wR |    | wB |    | wK |    | wN | wR | 
-----------------------------------------


-----------------------------------------
| bR |    | bB |    | bK |    | bN | bR | 
-----------------------------------------
| bP | bP | bP | bP |    | bP | bP | bP | 
-----------------------------------------
|    |    | bN |    |    | bQ |    |    | 
-----------------------------------------
|    |    | bB |    | bP |    |    |    | 
-----------------------------------------
|    |    | wB |    | wP |    | wQ |    | 
-----------------------------------------
|    |    | wN |    |    |    |    |    | 
-----------------------------------------
| wP | wP | wP | wP |    | wP | wP | wP | 
-----------------------------------------
| wR |    | wB |    | wK |    | wN | wR | 
-----------------------------------------


-----------------------------------------
| bR |    | bB |    | bK |    | bN | bR | 
-----------------------------------------
| bP | bP | bP | bP |    | bP | bP | bP | 
-----------------------------------------
|    |    | bN |    |    | bQ |    |    | 
-----------------------------------------
|    |    | bB | wN | bP |    |    |    | 
-----------------------------------------
|    |    | wB |    | wP |    | wQ |    | 
-----------------------------------------
|    |    |    |    |    |    |    |    | 
-----------------------------------------
| wP | wP | wP | wP |    | wP | wP | wP | 
-----------------------------------------
| wR |    | wB |    | wK |    | wN | wR | 
-----------------------------------------


-----------------------------------------
| bR |    | bB |    | bK |    | bN | bR | 
-----------------------------------------
| bP | bP | bP | bP |    | bP | bP | bP | 
-----------------------------------------
|    |    | bN |    |    |    |    |    | 
-----------------------------------------
|    |    | bB | wN | bP |    |    |    | 
-----------------------------------------
|    |    | wB |    | wP |    | wQ |    | 
-----------------------------------------
|    |    |    |    |    |    |    |    | 
-----------------------------------------
| wP | wP | wP | wP |    | bQ | wP | wP | 
-----------------------------------------
| wR |    | wB |    | wK |    | wN | wR | 
-----------------------------------------


-----------------------------------------
| bR |    | bB |    | bK |    | bN | bR | 
-----------------------------------------
| bP | bP | bP | bP |    | bP | bP | bP | 
-----------------------------------------
|    |    | bN |    |    |    |    |    | 
-----------------------------------------
|    |    | bB | wN | bP |    |    |    | 
-----------------------------------------
|    |    | wB |    | wP |    | wQ |    | 
-----------------------------------------
|    |    |    |    |    |    |    |    | 
-----------------------------------------
| wP | wP | wP | wP |    | bQ | wP | wP | 
-----------------------------------------
| wR |    | wB | wK |    |    | wN | wR | 
-----------------------------------------


-----------------------------------------
| bR |    | bB |    | bK |    | bN | bR | 
-----------------------------------------
| bP | bP | bP | bP |    | bP |    | bP | 
-----------------------------------------
|    |    | bN |    |    |    | bP |    | 
-----------------------------------------
|    |    | bB | wN | bP |    |    |    | 
-----------------------------------------
|    |    | wB |    | wP |    | wQ |    | 
-----------------------------------------
|    |    |    |    |    |    |    |    | 
-----------------------------------------
| wP | wP | wP | wP |    | bQ | wP | wP | 
-----------------------------------------
| wR |    | wB | wK |    |    | wN | wR | 
-----------------------------------------


-----------------------------------------
| bR |    | bB |    | bK |    | bN | bR | 
-----------------------------------------
| bP | bP | bP | bP |    | bP |    | bP | 
-----------------------------------------
|    |    | bN |    |    |    | bP |    | 
-----------------------------------------
|    |    | bB | wN | bP |    |    |    | 
-----------------------------------------
|    |    | wB |    | wP |    | wQ |    | 
-----------------------------------------
|    |    |    |    |    |    |    | wN | 
-----------------------------------------
| wP | wP | wP | wP |    | bQ | wP | wP | 
-----------------------------------------
| wR |    | wB | wK |    |    |    | wR | 
-----------------------------------------


-----------------------------------------
| bR |    | bB |    | bK |    | bN | bR | 
-----------------------------------------
| bP | bP | bP | bP |    | bP |    | bP | 
-----------------------------------------
|    |    | bN |    |    |    | bP |    | 
-----------------------------------------
|    |    | bB | wN | bP |    |    |    | 
-----------------------------------------
|    |    | wB | bQ | wP |    | wQ |    | 
-----------------------------------------
|    |    |    |    |    |    |    | wN | 
-----------------------------------------
| wP | wP | wP | wP |    |    | wP | wP | 
-----------------------------------------
| wR |    | wB | wK |    |    |    | wR | 
-----------------------------------------


-----------------------------------------
| bR |    | bB |    | bK |    | bN | bR | 
-----------------------------------------
| bP | bP | bP | bP |    | bP |    | bP | 
-----------------------------------------
|    |    | bN |    |    |    | bP |    | 
-----------------------------------------
|    |    | bB | wN | bP |    |    |    | 
-----------------------------------------
|    |    | wB | bQ | wP |    | wQ |    | 
-----------------------------------------
|    |    |    | wP |    |    |    | wN | 
-----------------------------------------
| wP | wP | wP |    |    |    | wP | wP | 
-----------------------------------------
| wR |    | wB | wK |    |    |    | wR | 
-----------------------------------------


-----------------------------------------
| bR |    | bB |    | bK |    | bN | bR | 
-----------------------------------------
| bP | bP | bP | bP |    | bP |    |    | 
-----------------------------------------
|    |    | bN |    |    |    | bP |    | 
-----------------------------------------
|    |    | bB | wN | bP |    |    | bP | 
-----------------------------------------
|    |    | wB | bQ | wP |    | wQ |    | 
-----------------------------------------
|    |    |    | wP |    |    |    | wN | 
-----------------------------------------
| wP | wP | wP |    |    |    | wP | wP | 
-----------------------------------------
| wR |    | wB | wK |    |    |    | wR | 
-----------------------------------------


-----------------------------------------
| bR |    | bB |    | bK |    | bN | bR | 
-----------------------------------------
| bP | bP | bP | bP |    | bP |    |    | 
-----------------------------------------
|    |    | bN |    |    |    | bP |    | 
-----------------------------------------
|    |    | bB | wN | bP |    |    | bP | 
-----------------------------------------
|    |    | wB | bQ | wP |    |    |    | 
-----------------------------------------
|    |    |    | wP |    | wQ |    | wN | 
-----------------------------------------
| wP | wP | wP |    |    |    | wP | wP | 
-----------------------------------------
| wR |    | wB | wK |    |    |    | wR | 
-----------------------------------------


-----------------------------------------
| bR |    | bB |    | bK |    |    | bR | 
-----------------------------------------
| bP | bP | bP | bP |    | bP |    |    | 
-----------------------------------------
|    |    | bN |    |    | bN | bP |    | 
-----------------------------------------
|    |    | bB | wN | bP |    |    | bP | 
-----------------------------------------
|    |    | wB | bQ | wP |    |    |    | 
-----------------------------------------
|    |    |    | wP |    | wQ |    | wN | 
-----------------------------------------
| wP | wP | wP |    |    |    | wP | wP | 
-----------------------------------------
| wR |    | wB | wK |    |    |    | wR | 
-----------------------------------------


-----------------------------------------
| bR |    | bB |    | bK |    |    | bR | 
-----------------------------------------
| bP | bP | bP | bP |    | bP |    |    | 
-----------------------------------------
|    |    | bN |    |    | bN | bP |    | 
-----------------------------------------
|    |    | bB | wN | bP |    |    | bP | 
-----------------------------------------
|    |    | wB | bQ | wP |    |    |    | 
-----------------------------------------
|    |    | wP | wP |    | wQ |    | wN | 
-----------------------------------------
| wP | wP |    |    |    |    | wP | wP | 
-----------------------------------------
| wR |    | wB | wK |    |    |    | wR | 
-----------------------------------------


-----------------------------------------
| bR |    | bB |    | bK |    |    | bR | 
-----------------------------------------
| bP | bP | bP | bP |    | bP |    |    | 
-----------------------------------------
|    |    | bN |    |    |    | bP |    | 
-----------------------------------------
|    |    | bB | bN | bP |    |    | bP | 
-----------------------------------------
|    |    | wB | bQ | wP |    |    |    | 
-----------------------------------------
|    |    | wP | wP |    | wQ |    | wN | 
-----------------------------------------
| wP | wP |    |    |    |    | wP | wP | 
-----------------------------------------
| wR |    | wB | wK |    |    |    | wR | 
-----------------------------------------


-----------------------------------------
| bR |    | bB |    | bK |    |    | bR | 
-----------------------------------------
| bP | bP | bP | bP |    | bP |    |    | 
-----------------------------------------
|    |    | bN |    |    |    | bP |    | 
-----------------------------------------
|    |    | bB | bN | bP |    |    | bP | 
-----------------------------------------
|    |    | wB | wP | wP |    |    |    | 
-----------------------------------------
|    |    |    | wP |    | wQ |    | wN | 
-----------------------------------------
| wP | wP |    |    |    |    | wP | wP | 
-----------------------------------------
| wR |    | wB | wK |    |    |    | wR | 
-----------------------------------------


-----------------------------------------
| bR |    | bB |    | bK |    |    | bR | 
-----------------------------------------
| bP | bP | bP | bP |    | bP |    |    | 
-----------------------------------------
|    |    | bN |    |    |    | bP |    | 
-----------------------------------------
|    |    | bB | bN |    |    |    | bP | 
-----------------------------------------
|    |    | wB | bP | wP |    |    |    | 
-----------------------------------------
|    |    |    | wP |    | wQ |    | wN | 
-----------------------------------------
| wP | wP |    |    |    |    | wP | wP | 
-----------------------------------------
| wR |    | wB | wK |    |    |    | wR | 
-----------------------------------------


-----------------------------------------
| bR |    | bB |    | bK |    |    | bR | 
-----------------------------------------
| bP | bP | bP | bP |    | bP |    |    | 
-----------------------------------------
|    |    | bN |    |    |    | bP |    | 
-----------------------------------------
|    |    | bB | wP |    |    |    | bP | 
-----------------------------------------
|    |    | wB | bP |    |    |    |    | 
-----------------------------------------
|    |    |    | wP |    | wQ |    | wN | 
-----------------------------------------
| wP | wP |    |    |    |    | wP | wP | 
-----------------------------------------
| wR |    | wB | wK |    |    |    | wR | 
-----------------------------------------


-----------------------------------------
| bR |    | bB |    | bK |    |    | bR | 
-----------------------------------------
| bP | bP | bP | bP |    | bP |    |    | 
-----------------------------------------
|    |    |    |    |    |    | bP |    | 
-----------------------------------------
| bN |    | bB | wP |    |    |    | bP | 
-----------------------------------------
|    |    | wB | bP |    |    |    |    | 
-----------------------------------------
|    |    |    | wP |    | wQ |    | wN | 
-----------------------------------------
| wP | wP |    |    |    |    | wP | wP | 
-----------------------------------------
| wR |    | wB | wK |    |    |    | wR | 
-----------------------------------------


-----------------------------------------
| bR |    | bB |    | bK |    |    | bR | 
-----------------------------------------
| bP | bP | bP | bP |    | bP |    |    | 
-----------------------------------------
|    |    |    |    |    |    | bP |    | 
-----------------------------------------
| bN |    | bB | wP |    |    |    | bP | 
-----------------------------------------
|    |    | wB | bP |    |    |    |    | 
-----------------------------------------
|    |    |    | wP |    | wQ |    | wN | 
-----------------------------------------
| wP | wP |    |    |    |    | wP | wP | 
-----------------------------------------
| wR |    | wB | wK | wR |    |    |    | 
-----------------------------------------


-----------------------------------------
| bR |    | bB |    |    | bK |    | bR | 
-----------------------------------------
| bP | bP | bP | bP |    | bP |    |    | 
-----------------------------------------
|    |    |    |    |    |    | bP |    | 
-----------------------------------------
| bN |    | bB | wP |    |    |    | bP | 
-----------------------------------------
|    |    | wB | bP |    |    |    |    | 
-----------------------------------------
|    |    |    | wP |    | wQ |    | wN | 
-----------------------------------------
| wP | wP |    |    |    |    | wP | wP | 
-----------------------------------------
| wR |    | wB | wK | wR |    |    |    | 
-----------------------------------------


-----------------------------------------
| bR |    | bB |    |    | bK |    | bR | 
-----------------------------------------
| bP | bP | bP | bP |    | bP |    |    | 
-----------------------------------------
|    |    |    |    |    |    | bP |    | 
-----------------------------------------
| bN |    | bB | wP |    |    |    | bP | 
-----------------------------------------
|    |    | wB | bP |    |    |    |    | 
-----------------------------------------
|    |    |    | wP |    | wQ |    | wN | 
-----------------------------------------
| wP | wP |    |    |    |    | wP | wP | 
-----------------------------------------
| wR |    | wB | wK |    | wR |    |    | 
-----------------------------------------


-----------------------------------------
| bR |    | bB |    |    | bK |    | bR | 
-----------------------------------------
| bP | bP | bP | bP |    | bP |    |    | 
-----------------------------------------
|    |    |    |    |    |    | bP |    | 
-----------------------------------------
|    |    | bB | wP |    |    |    | bP | 
-----------------------------------------
|    |    | bN | bP |    |    |    |    | 
-----------------------------------------
|    |    |    | wP |    | wQ |    | wN | 
-----------------------------------------
| wP | wP |    |    |    |    | wP | wP | 
-----------------------------------------
| wR |    | wB | wK |    | wR |    |    | 
-----------------------------------------


-----------------------------------------
| bR |    | bB |    |    | bK |    | bR | 
-----------------------------------------
| bP | bP | bP | bP |    | wQ |    |    | 
-----------------------------------------
|    |    |    |    |    |    | bP |    | 
-----------------------------------------
|    |    | bB | wP |    |    |    | bP | 
-----------------------------------------
|    |    | bN | bP |    |    |    |    | 
-----------------------------------------
|    |    |    | wP |    |    |    | wN | 
-----------------------------------------
| wP | wP |    |    |    |    | wP | wP | 
-----------------------------------------
| wR |    | wB | wK |    | wR |    |    | 
-----------------------------------------




moves_list = ['e2', 'e4', 'e7', 'e5', 'b1', 'c3', 'b8', 'c6',
              'f1', 'c4', 'f8', 'c5', 'd1', 'g4', 'd8', 'f6',
              'c3', 'd5', 'f6', 'f2', 'e1', 'd1', 'g7', 'g6',
              'g1', 'h3', 'f2', 'd4', 'd2', 'd3', 'h7', 'h5',
              'g4', 'f3', 'g8', 'f6', 'c2', 'c3', 'f6', 'd5',
              'c3', 'd4', 'e5', 'd4', 'e4', 'd5', 'c6', 'a5',
              'h1', 'e1', 'e8', 'f8', 'e1', 'f1', 'a5', 'c4',
              'f3', 'f7']
