-----------------------------------------
| bR | bN | bB | bQ | bK | bB | bN | bR | 
-----------------------------------------
| bP | bP | bP | bP | bP | bP | bP | bP | 
-----------------------------------------
|    |    |    |    |    |    |    |    | 
-----------------------------------------
|    |    |    |    |    |    |    |    | 
-----------------------------------------
|    |    |    | wP |    |    |    |    | 
-----------------------------------------
|    |    |    |    |    |    |    |    | 
-----------------------------------------
| wP | wP | wP |    | wP | wP | wP | wP | 
-----------------------------------------
| wR | wN | wB | wQ | wK | wB | wN | wR | 
-----------------------------------------


-----------------------------------------
| bR | bN | bB | bQ | bK | bB | bN | bR | 
-----------------------------------------
| bP | bP | bP |    | bP | bP | bP | bP | 
-----------------------------------------
|    |    |    |    |    |    |    |    | 
-----------------------------------------
|    |    |    | bP |    |    |    |    | 
-----------------------------------------
|    |    |    | wP |    |    |    |    | 
-----------------------------------------
|    |    |    |    |    |    |    |    | 
-----------------------------------------
| wP | wP | wP |    | wP | wP | wP | wP | 
-----------------------------------------
| wR | wN | wB | wQ | wK | wB | wN | wR | 
-----------------------------------------


-----------------------------------------
| bR | bN | bB | bQ | bK | bB | bN | bR | 
-----------------------------------------
| bP | bP | bP |    | bP | bP | bP | bP | 
-----------------------------------------
|    |    |    |    |    |    |    |    | 
-----------------------------------------
|    |    |    | bP |    |    |    |    | 
-----------------------------------------
|    |    |    | wP | wP |    |    |    | 
-----------------------------------------
|    |    |    |    |    |    |    |    | 
-----------------------------------------
| wP | wP | wP |    |    | wP | wP | wP | 
-----------------------------------------
| wR | wN | wB | wQ | wK | wB | wN | wR | 
-----------------------------------------


-----------------------------------------
| bR | bN | bB | bQ | bK | bB | bN | bR | 
-----------------------------------------
| bP | bP | bP |    | bP | bP | bP | bP | 
-----------------------------------------
|    |    |    |    |    |    |    |    | 
-----------------------------------------
|    |    |    |    |    |    |    |    | 
-----------------------------------------
|    |    |    | wP | bP |    |    |    | 
-----------------------------------------
|    |    |    |    |    |    |    |    | 
-----------------------------------------
| wP | wP | wP |    |    | wP | wP | wP | 
-----------------------------------------
| wR | wN | wB | wQ | wK | wB | wN | wR | 
-----------------------------------------


-----------------------------------------
| bR | bN | bB | bQ | bK | bB | bN | bR | 
-----------------------------------------
| bP | bP | bP |    | bP | bP | bP | bP | 
-----------------------------------------
|    |    |    |    |    |    |    |    | 
-----------------------------------------
|    |    |    |    |    |    |    |    | 
-----------------------------------------
|    |    |    | wP | bP |    |    |    | 
-----------------------------------------
|    |    |    |    |    | wP |    |    | 
-----------------------------------------
| wP | wP | wP |    |    |    | wP | wP | 
-----------------------------------------
| wR | wN | wB | wQ | wK | wB | wN | wR | 
-----------------------------------------


-----------------------------------------
| bR | bN | bB | bQ | bK | bB | bN | bR | 
-----------------------------------------
| bP | bP | bP |    | bP | bP | bP | bP | 
-----------------------------------------
|    |    |    |    |    |    |    |    | 
-----------------------------------------
|    |    |    |    |    |    |    |    | 
-----------------------------------------
|    |    |    | wP |    |    |    |    | 
-----------------------------------------
|    |    |    |    |    | bP |    |    | 
-----------------------------------------
| wP | wP | wP |    |    |    | wP | wP | 
-----------------------------------------
| wR | wN | wB | wQ | wK | wB | wN | wR | 
-----------------------------------------


-----------------------------------------
| bR | bN | bB | bQ | bK | bB | bN | bR | 
-----------------------------------------
| bP | bP | bP |    | bP | bP | bP | bP | 
-----------------------------------------
|    |    |    |    |    |    |    |    | 
-----------------------------------------
|    |    |    |    |    |    |    |    | 
-----------------------------------------
|    |    |    | wP |    |    |    |    | 
-----------------------------------------
|    |    |    |    |    | wQ |    |    | 
-----------------------------------------
| wP | wP | wP |    |    |    | wP | wP | 
-----------------------------------------
| wR | wN | wB |    | wK | wB | wN | wR | 
-----------------------------------------


-----------------------------------------
| bR | bN | bB |    | bK | bB | bN | bR | 
-----------------------------------------
| bP | bP | bP |    | bP | bP | bP | bP | 
-----------------------------------------
|    |    |    |    |    |    |    |    | 
-----------------------------------------
|    |    |    |    |    |    |    |    | 
-----------------------------------------
|    |    |    | bQ |    |    |    |    | 
-----------------------------------------
|    |    |    |    |    | wQ |    |    | 
-----------------------------------------
| wP | wP | wP |    |    |    | wP | wP | 
-----------------------------------------
| wR | wN | wB |    | wK | wB | wN | wR | 
-----------------------------------------


-----------------------------------------
| bR | bN | bB |    | bK | bB | bN | bR | 
-----------------------------------------
| bP | bP | bP |    | bP | bP | bP | bP | 
-----------------------------------------
|    |    |    |    |    |    |    |    | 
-----------------------------------------
|    |    |    |    |    |    |    |    | 
-----------------------------------------
|    |    |    | bQ |    |    |    |    | 
-----------------------------------------
|    |    | wN |    |    | wQ |    |    | 
-----------------------------------------
| wP | wP | wP |    |    |    | wP | wP | 
-----------------------------------------
| wR |    | wB |    | wK | wB | wN | wR | 
-----------------------------------------


-----------------------------------------
| bR | bN | bB |    | bK | bB |    | bR | 
-----------------------------------------
| bP | bP | bP |    | bP | bP | bP | bP | 
-----------------------------------------
|    |    |    |    |    | bN |    |    | 
-----------------------------------------
|    |    |    |    |    |    |    |    | 
-----------------------------------------
|    |    |    | bQ |    |    |    |    | 
-----------------------------------------
|    |    | wN |    |    | wQ |    |    | 
-----------------------------------------
| wP | wP | wP |    |    |    | wP | wP | 
-----------------------------------------
| wR |    | wB |    | wK | wB | wN | wR | 
-----------------------------------------


-----------------------------------------
| bR | bN | bB |    | bK | bB |    | bR | 
-----------------------------------------
| bP | bP | bP |    | bP | bP | bP | bP | 
-----------------------------------------
|    |    |    |    |    | bN |    |    | 
-----------------------------------------
|    |    |    |    |    |    |    |    | 
-----------------------------------------
|    |    |    | bQ |    |    |    |    | 
-----------------------------------------
|    |    | wN |    | wB | wQ |    |    | 
-----------------------------------------
| wP | wP | wP |    |    |    | wP | wP | 
-----------------------------------------
| wR |    |    |    | wK | wB | wN | wR | 
-----------------------------------------


-----------------------------------------
| bR | bN | bB |    | bK | bB |    | bR | 
-----------------------------------------
| bP | bP | bP |    | bP | bP | bP | bP | 
-----------------------------------------
|    |    |    |    |    | bN |    |    | 
-----------------------------------------
|    |    |    |    |    |    |    |    | 
-----------------------------------------
|    | bQ |    |    |    |    |    |    | 
-----------------------------------------
|    |    | wN |    | wB | wQ |    |    | 
-----------------------------------------
| wP | wP | wP |    |    |    | wP | wP | 
-----------------------------------------
| wR |    |    |    | wK | wB | wN | wR | 
-----------------------------------------


-----------------------------------------
| bR | bN | bB |    | bK | bB |    | bR | 
-----------------------------------------
| bP | bP | bP |    | bP | bP | bP | bP | 
-----------------------------------------
|    |    |    |    |    | bN |    |    | 
-----------------------------------------
|    |    |    |    |    |    |    |    | 
-----------------------------------------
|    | bQ |    |    |    |    |    |    | 
-----------------------------------------
|    |    | wN |    | wB | wQ |    |    | 
-----------------------------------------
| wP | wP | wP |    |    |    | wP | wP | 
-----------------------------------------
|    |    |    | wR | wK | wB | wN | wR | 
-----------------------------------------


-----------------------------------------
| bR | bN |    |    | bK | bB |    | bR | 
-----------------------------------------
| bP | bP | bP |    | bP | bP | bP | bP | 
-----------------------------------------
|    |    |    |    |    | bN |    |    | 
-----------------------------------------
|    |    |    |    |    |    |    |    | 
-----------------------------------------
|    | bQ |    |    |    |    | bB |    | 
-----------------------------------------
|    |    | wN |    | wB | wQ |    |    | 
-----------------------------------------
| wP | wP | wP |    |    |    | wP | wP | 
-----------------------------------------
|    |    |    | wR | wK | wB | wN | wR | 
-----------------------------------------


-----------------------------------------
| bR | bN |    |    | bK | bB |    | bR | 
-----------------------------------------
| bP | bP | bP |    | bP | bP | bP | bP | 
-----------------------------------------
|    |    |    |    |    | bN |    |    | 
-----------------------------------------
|    | wN |    |    |    |    |    |    | 
-----------------------------------------
|    | bQ |    |    |    |    | bB |    | 
-----------------------------------------
|    |    |    |    | wB | wQ |    |    | 
-----------------------------------------
| wP | wP | wP |    |    |    | wP | wP | 
-----------------------------------------
|    |    |    | wR | wK | wB | wN | wR | 
-----------------------------------------


-----------------------------------------
| bR | bN |    |    | bK | bB |    | bR | 
-----------------------------------------
| bP | bP | bP |    | bP | bP | bP | bP | 
-----------------------------------------
|    |    |    |    |    | bN |    |    | 
-----------------------------------------
|    | wN |    |    |    |    |    |    | 
-----------------------------------------
|    | bQ |    |    |    |    |    |    | 
-----------------------------------------
|    |    |    |    | wB | bB |    |    | 
-----------------------------------------
| wP | wP | wP |    |    |    | wP | wP | 
-----------------------------------------
|    |    |    | wR | wK | wB | wN | wR | 
-----------------------------------------


-----------------------------------------
| bR | bN |    |    | bK | bB |    | bR | 
-----------------------------------------
| bP | bP | wN |    | bP | bP | bP | bP | 
-----------------------------------------
|    |    |    |    |    | bN |    |    | 
-----------------------------------------
|    |    |    |    |    |    |    |    | 
-----------------------------------------
|    | bQ |    |    |    |    |    |    | 
-----------------------------------------
|    |    |    |    | wB | bB |    |    | 
-----------------------------------------
| wP | wP | wP |    |    |    | wP | wP | 
-----------------------------------------
|    |    |    | wR | wK | wB | wN | wR | 
-----------------------------------------




moves_list = ['d2', 'd4', 'd7', 'd5', 'e2', 'e4', 'd5', 'e4',
              'f2', 'f3', 'e4', 'f3', 'd1', 'f3', 'd8', 'd4',
              'b1', 'c3', 'g8', 'f6', 'c1', 'e3', 'd4', 'b4',
              'a1', 'd1', 'c8', 'g4', 'c3', 'b5', 'g4', 'f3',
              'b5', 'c7']
